[INFO] Scanning for projects...
[INFO] ------------------------------------------------------------------------
[INFO] Building MITyCLibCert
[INFO]    task-segment: [clean, compile, package]
[INFO] ------------------------------------------------------------------------
[INFO] [clean:clean {execution: default-clean}]
[INFO] Deleting directory C:\Proyectos\2009\Facturae\Aplicaciones\Componentes de firma\trunk\MITyCLibCert\dist\release
[INFO] Deleting directory C:\Proyectos\2009\Facturae\Aplicaciones\Componentes de firma\trunk\MITyCLibCert\build\release
[INFO] Deleting directory C:\Proyectos\2009\Facturae\Aplicaciones\Componentes de firma\trunk\MITyCLibCert\build\test
[INFO] Deleting file-set: doc (included: [], excluded: [])
[INFO] [resources:resources {execution: default-resources}]
[INFO] Using 'UTF-8' encoding to copy filtered resources.
[INFO] Copying 57 resources
[INFO] [compiler:compile {execution: default-compile}]
[INFO] Compiling 58 source files to C:\Proyectos\2009\Facturae\Aplicaciones\Componentes de firma\trunk\MITyCLibCert\build\release
[WARNING] C:\Proyectos\2009\Facturae\Aplicaciones\Componentes de firma\trunk\MITyCLibCert\src\es\mityc\javasign\pkstore\mscapi\mityc\SunMSCAPI_MITyC.java:[40,26] sun.security.action.PutAllAction is Sun proprietary API and may be removed in a future release

[WARNING] C:\Proyectos\2009\Facturae\Aplicaciones\Componentes de firma\trunk\MITyCLibCert\src\es\mityc\javasign\pkstore\mscapi\mityc\RSAPublicKey.java:[32,23] sun.security.rsa.RSAPublicKeyImpl is Sun proprietary API and may be removed in a future release

[WARNING] C:\Proyectos\2009\Facturae\Aplicaciones\Componentes de firma\trunk\MITyCLibCert\src\es\mityc\javasign\pkstore\pkcs11\SunP11ModuleData.java:[34,26] sun.security.action.GetPropertyAction is Sun proprietary API and may be removed in a future release

[WARNING] C:\Proyectos\2009\Facturae\Aplicaciones\Componentes de firma\trunk\MITyCLibCert\src\es\mityc\javasign\pkstore\mscapi\mityc\SunMSCAPI_MITyC.java:[231,46] sun.security.action.PutAllAction is Sun proprietary API and may be removed in a future release

[WARNING] C:\Proyectos\2009\Facturae\Aplicaciones\Componentes de firma\trunk\MITyCLibCert\src\es\mityc\javasign\pkstore\mscapi\mityc\RSAPublicKey.java:[150,31] sun.security.rsa.RSAPublicKeyImpl is Sun proprietary API and may be removed in a future release

[WARNING] C:\Proyectos\2009\Facturae\Aplicaciones\Componentes de firma\trunk\MITyCLibCert\src\es\mityc\javasign\pkstore\pkcs11\SunP11ModuleData.java:[189,37] sun.security.action.GetPropertyAction is Sun proprietary API and may be removed in a future release

[INFO] [resources:resources {execution: default-resources}]
[INFO] Using 'UTF-8' encoding to copy filtered resources.
[INFO] Copying 57 resources
[INFO] [compiler:compile {execution: default-compile}]
[INFO] Nothing to compile - all classes are up to date
[INFO] [resources:testResources {execution: default-testResources}]
[INFO] Using 'UTF-8' encoding to copy filtered resources.
[INFO] Copying 12 resources
[INFO] [compiler:testCompile {execution: default-testCompile}]
[INFO] Compiling 27 source files to C:\Proyectos\2009\Facturae\Aplicaciones\Componentes de firma\trunk\MITyCLibCert\build\test
[INFO] [surefire:test {execution: default-test}]
[INFO] Surefire report directory: C:\Proyectos\2009\Facturae\Aplicaciones\Componentes de firma\trunk\MITyCLibCert\dist\release\surefire-reports

-------------------------------------------------------
 T E S T S
-------------------------------------------------------
Running es.mityc.javasign.pkstore.keystore.TestPKCS12Store
Tests run: 2, Failures: 0, Errors: 0, Skipped: 0, Time elapsed: 5.659 sec
Running es.mityc.javasign.pkstore.mscapi.mityc.TestMSCAPIMITyC
Tests run: 7, Failures: 0, Errors: 0, Skipped: 4, Time elapsed: 6.755 sec
Running es.mityc.javasign.pkstore.keystore.TestJCEKSStore
Tests run: 2, Failures: 0, Errors: 0, Skipped: 0, Time elapsed: 0.238 sec
Running es.mityc.javasign.pkstore.mozilla.TestMozilla
14 mar 2013 10:15:12,462 - ERROR MozillaStoreUtils - Si esta version de JRE esta afectada por el error 6581254 de Java es posible que no pueda cargarse: C:\Program Files (x86)\Mozilla Firefox
14 mar 2013 10:15:23,013 - ERROR MozillaStoreUtils - Error inicializando JSS: java.lang.UnsatisfiedLinkError: C:\Users\ctoloba\AppData\Local\Temp\plds41363252515042.dll: Can't find dependent libraries
java.lang.Exception: java.lang.UnsatisfiedLinkError: C:\Users\ctoloba\AppData\Local\Temp\plds41363252515042.dll: Can't find dependent libraries
	at es.mityc.javasign.pkstore.mozilla.MozillaStoreUtils.load(MozillaStoreUtils.java:303)
	at es.mityc.javasign.pkstore.mozilla.MozillaStoreUtils.initialize(MozillaStoreUtils.java:144)
	at es.mityc.javasign.pkstore.mozilla.MozillaStoreJSS.initialize(MozillaStoreJSS.java:521)
	at es.mityc.javasign.pkstore.mozilla.MozillaStoreJSS.<init>(MozillaStoreJSS.java:90)
	at es.mityc.javasign.pkstore.mozilla.MozillaStoreJSS.<init>(MozillaStoreJSS.java:80)
	at es.mityc.javasign.pkstore.mozilla.TestMozilla.testGetCertificates(TestMozilla.java:87)
	at sun.reflect.NativeMethodAccessorImpl.invoke0(Native Method)
	at sun.reflect.NativeMethodAccessorImpl.invoke(NativeMethodAccessorImpl.java:39)
	at sun.reflect.DelegatingMethodAccessorImpl.invoke(DelegatingMethodAccessorImpl.java:25)
	at java.lang.reflect.Method.invoke(Method.java:597)
	at org.junit.internal.runners.TestMethodRunner.executeMethodBody(TestMethodRunner.java:99)
	at org.junit.internal.runners.TestMethodRunner.runUnprotected(TestMethodRunner.java:81)
	at org.junit.internal.runners.BeforeAndAfterRunner.runProtected(BeforeAndAfterRunner.java:34)
	at org.junit.internal.runners.TestMethodRunner.runMethod(TestMethodRunner.java:75)
	at org.junit.internal.runners.TestMethodRunner.run(TestMethodRunner.java:45)
	at org.junit.internal.runners.TestClassMethodsRunner.invokeTestMethod(TestClassMethodsRunner.java:66)
	at org.junit.internal.runners.TestClassMethodsRunner.run(TestClassMethodsRunner.java:35)
	at org.junit.internal.runners.TestClassRunner$1.runUnprotected(TestClassRunner.java:42)
	at org.junit.internal.runners.BeforeAndAfterRunner.runProtected(BeforeAndAfterRunner.java:34)
	at org.junit.internal.runners.TestClassRunner.run(TestClassRunner.java:52)
	at org.apache.maven.surefire.junit4.JUnit4TestSet.execute(JUnit4TestSet.java:62)
	at org.apache.maven.surefire.suite.AbstractDirectoryTestSuite.executeTestSet(AbstractDirectoryTestSuite.java:140)
	at org.apache.maven.surefire.suite.AbstractDirectoryTestSuite.execute(AbstractDirectoryTestSuite.java:127)
	at org.apache.maven.surefire.Surefire.run(Surefire.java:177)
	at sun.reflect.NativeMethodAccessorImpl.invoke0(Native Method)
	at sun.reflect.NativeMethodAccessorImpl.invoke(NativeMethodAccessorImpl.java:39)
	at sun.reflect.DelegatingMethodAccessorImpl.invoke(DelegatingMethodAccessorImpl.java:25)
	at java.lang.reflect.Method.invoke(Method.java:597)
	at org.apache.maven.surefire.booter.SurefireBooter.runSuitesInProcess(SurefireBooter.java:338)
	at org.apache.maven.surefire.booter.SurefireBooter.main(SurefireBooter.java:997)
Caused by: java.lang.UnsatisfiedLinkError: C:\Users\ctoloba\AppData\Local\Temp\plds41363252515042.dll: Can't find dependent libraries
	at java.lang.ClassLoader$NativeLibrary.load(Native Method)
	at java.lang.ClassLoader.loadLibrary0(ClassLoader.java:1807)
	at java.lang.ClassLoader.loadLibrary(ClassLoader.java:1703)
	at java.lang.Runtime.load0(Runtime.java:770)
	at java.lang.System.load(System.java:1003)
	at es.mityc.javasign.pkstore.mozilla.MozillaStoreUtils.load(MozillaStoreUtils.java:281)
	... 29 more
14 mar 2013 10:15:23,023 - ERROR MozillaStoreUtils - Si esta version de JRE esta afectada por el error 6581254 de Java es posible que no pueda cargarse: C:\Program Files (x86)\Mozilla Firefox
14 mar 2013 10:15:25,983 - ERROR MozillaStoreUtils - Error inicializando JSS: java.lang.UnsatisfiedLinkError: C:\Users\ctoloba\AppData\Local\Temp\plds41363252523191.dll: Can't find dependent libraries
java.lang.Exception: java.lang.UnsatisfiedLinkError: C:\Users\ctoloba\AppData\Local\Temp\plds41363252523191.dll: Can't find dependent libraries
	at es.mityc.javasign.pkstore.mozilla.MozillaStoreUtils.load(MozillaStoreUtils.java:303)
	at es.mityc.javasign.pkstore.mozilla.MozillaStoreUtils.initialize(MozillaStoreUtils.java:144)
	at es.mityc.javasign.pkstore.mozilla.MozillaStoreJSS.initialize(MozillaStoreJSS.java:521)
	at es.mityc.javasign.pkstore.mozilla.MozillaStoreJSS.<init>(MozillaStoreJSS.java:90)
	at es.mityc.javasign.pkstore.mozilla.MozillaStoreJSS.<init>(MozillaStoreJSS.java:80)
	at es.mityc.javasign.pkstore.mozilla.TestMozilla.sign(TestMozilla.java:103)
	at sun.reflect.NativeMethodAccessorImpl.invoke0(Native Method)
	at sun.reflect.NativeMethodAccessorImpl.invoke(NativeMethodAccessorImpl.java:39)
	at sun.reflect.DelegatingMethodAccessorImpl.invoke(DelegatingMethodAccessorImpl.java:25)
	at java.lang.reflect.Method.invoke(Method.java:597)
	at org.junit.internal.runners.TestMethodRunner.executeMethodBody(TestMethodRunner.java:99)
	at org.junit.internal.runners.TestMethodRunner.runUnprotected(TestMethodRunner.java:81)
	at org.junit.internal.runners.BeforeAndAfterRunner.runProtected(BeforeAndAfterRunner.java:34)
	at org.junit.internal.runners.TestMethodRunner.runMethod(TestMethodRunner.java:75)
	at org.junit.internal.runners.TestMethodRunner.run(TestMethodRunner.java:45)
	at org.junit.internal.runners.TestClassMethodsRunner.invokeTestMethod(TestClassMethodsRunner.java:66)
	at org.junit.internal.runners.TestClassMethodsRunner.run(TestClassMethodsRunner.java:35)
	at org.junit.internal.runners.TestClassRunner$1.runUnprotected(TestClassRunner.java:42)
	at org.junit.internal.runners.BeforeAndAfterRunner.runProtected(BeforeAndAfterRunner.java:34)
	at org.junit.internal.runners.TestClassRunner.run(TestClassRunner.java:52)
	at org.apache.maven.surefire.junit4.JUnit4TestSet.execute(JUnit4TestSet.java:62)
	at org.apache.maven.surefire.suite.AbstractDirectoryTestSuite.executeTestSet(AbstractDirectoryTestSuite.java:140)
	at org.apache.maven.surefire.suite.AbstractDirectoryTestSuite.execute(AbstractDirectoryTestSuite.java:127)
	at org.apache.maven.surefire.Surefire.run(Surefire.java:177)
	at sun.reflect.NativeMethodAccessorImpl.invoke0(Native Method)
	at sun.reflect.NativeMethodAccessorImpl.invoke(NativeMethodAccessorImpl.java:39)
	at sun.reflect.DelegatingMethodAccessorImpl.invoke(DelegatingMethodAccessorImpl.java:25)
	at java.lang.reflect.Method.invoke(Method.java:597)
	at org.apache.maven.surefire.booter.SurefireBooter.runSuitesInProcess(SurefireBooter.java:338)
	at org.apache.maven.surefire.booter.SurefireBooter.main(SurefireBooter.java:997)
Caused by: java.lang.UnsatisfiedLinkError: C:\Users\ctoloba\AppData\Local\Temp\plds41363252523191.dll: Can't find dependent libraries
	at java.lang.ClassLoader$NativeLibrary.load(Native Method)
	at java.lang.ClassLoader.loadLibrary0(ClassLoader.java:1807)
	at java.lang.ClassLoader.loadLibrary(ClassLoader.java:1703)
	at java.lang.Runtime.load0(Runtime.java:770)
	at java.lang.System.load(System.java:1003)
	at es.mityc.javasign.pkstore.mozilla.MozillaStoreUtils.load(MozillaStoreUtils.java:281)
	... 29 more
Tests run: 2, Failures: 2, Errors: 0, Skipped: 0, Time elapsed: 15.248 sec <<< FAILURE!
Running es.mityc.javasign.pkstore.mscapi.TestMSCAPI
14 mar 2013 10:15:26,202 - INFO  MSCAPIStore - Usando pasarela Sun-MITyC para almacén de windows
14 mar 2013 10:15:27,294 - INFO  MSCAPIStore - Usando pasarela Sun-MITyC para almacén de windows
14 mar 2013 10:15:29,306 - INFO  MSCAPIStore - Usando pasarela Sun-MITyC para almacén de windows
Tests run: 7, Failures: 0, Errors: 0, Skipped: 4, Time elapsed: 4.163 sec
Running es.mityc.javasign.pkstore.keystore.TestJKSStore
Tests run: 2, Failures: 0, Errors: 0, Skipped: 0, Time elapsed: 0.588 sec
Running es.mityc.javasign.pkstore.iexplorer.TestIE
Tests run: 2, Failures: 0, Errors: 2, Skipped: 0, Time elapsed: 1.134 sec <<< FAILURE!

Results :

Failed tests: 
  testGetCertificates(es.mityc.javasign.pkstore.mozilla.TestMozilla)
  sign(es.mityc.javasign.pkstore.mozilla.TestMozilla)

Tests in error: 
  testGetCertificates(es.mityc.javasign.pkstore.iexplorer.TestIE)
  sign(es.mityc.javasign.pkstore.iexplorer.TestIE)

Tests run: 24, Failures: 2, Errors: 2, Skipped: 8

[INFO] ------------------------------------------------------------------------
[ERROR] BUILD FAILURE
[INFO] ------------------------------------------------------------------------
[INFO] There are test failures.

Please refer to C:\Proyectos\2009\Facturae\Aplicaciones\Componentes de firma\trunk\MITyCLibCert\dist\release\surefire-reports for the individual test results.
[INFO] ------------------------------------------------------------------------
[INFO] For more information, run Maven with the -e switch
[INFO] ------------------------------------------------------------------------
[INFO] Total time: 1 minute 27 seconds
[INFO] Finished at: Thu Mar 14 10:15:33 CET 2013
[INFO] Final Memory: 30M/175M
[INFO] ------------------------------------------------------------------------
